[1204/142708.502:ERROR:directory_reader_win.cc(43)] FindFirstFile: The system cannot find the path specified. (0x3)
[1207/132313.643:ERROR:directory_reader_win.cc(43)] FindFirstFile: The system cannot find the path specified. (0x3)
[1207/142625.972:ERROR:directory_reader_win.cc(43)] FindFirstFile: The system cannot find the path specified. (0x3)
[1207/172449.908:ERROR:directory_reader_win.cc(43)] FindFirstFile: The system cannot find the path specified. (0x3)
[1207/202358.109:ERROR:directory_reader_win.cc(43)] FindFirstFile: The system cannot find the path specified. (0x3)
[1208/123841.758:ERROR:directory_reader_win.cc(43)] FindFirstFile: The system cannot find the path specified. (0x3)
[1208/155746.557:ERROR:directory_reader_win.cc(43)] FindFirstFile: The system cannot find the path specified. (0x3)
[1208/161901.469:ERROR:directory_reader_win.cc(43)] FindFirstFile: The system cannot find the path specified. (0x3)
[1208/184834.345:ERROR:directory_reader_win.cc(43)] FindFirstFile: The system cannot find the path specified. (0x3)
[1208/192833.915:ERROR:directory_reader_win.cc(43)] FindFirstFile: The system cannot find the path specified. (0x3)
[1208/195443.880:ERROR:directory_reader_win.cc(43)] FindFirstFile: The system cannot find the path specified. (0x3)
[1209/134207.755:ERROR:directory_reader_win.cc(43)] FindFirstFile: The system cannot find the path specified. (0x3)
[1209/182037.863:ERROR:directory_reader_win.cc(43)] FindFirstFile: The system cannot find the path specified. (0x3)
[1210/094929.292:ERROR:directory_reader_win.cc(43)] FindFirstFile: The system cannot find the path specified. (0x3)
[1210/175720.205:ERROR:directory_reader_win.cc(43)] FindFirstFile: The system cannot find the path specified. (0x3)
[1210/182353.588:ERROR:process_memory_win.cc(73)] ReadMemory at 0x56500000 of 64 bytes failed: Only part of a ReadProcessMemory or WriteProcessMemory request was completed. (0x12B)
[1210/182353.599:WARNING:pe_image_reader.cc(340)] could not read dos header from C:\windows\System32\SYSFER.DLL
[1210/182353.600:ERROR:process_memory_win.cc(73)] ReadMemory at 0x210e4aecc20 of 72 bytes failed: Only part of a ReadProcessMemory or WriteProcessMemory request was completed. (0x12B)
[1210/182353.600:WARNING:pe_image_annotations_reader.cc(135)] could not read annotations list object in C:\Program Files (x86)\Google\Chrome\Application\87.0.4280.88\chrome_elf.dll
[1210/182353.600:ERROR:process_memory_win.cc(73)] ReadMemory at 0x68000000 of 64 bytes failed: Only part of a ReadProcessMemory or WriteProcessMemory request was completed. (0x12B)
[1210/182353.600:WARNING:pe_image_reader.cc(340)] could not read dos header from C:\windows\System32\QIPCAP64.dll
[1210/182353.600:ERROR:process_memory_win.cc(73)] ReadMemory at 0x210e4a40000 of 64 bytes failed: Only part of a ReadProcessMemory or WriteProcessMemory request was completed. (0x12B)
[1210/182353.600:WARNING:pe_image_reader.cc(340)] could not read dos header from C:\windows\System32\NSI.dll
[1210/182353.600:ERROR:process_memory_win.cc(73)] ReadMemory at 0x210e4b437f0 of 72 bytes failed: Only part of a ReadProcessMemory or WriteProcessMemory request was completed. (0x12B)
[1210/182353.600:WARNING:pe_image_annotations_reader.cc(135)] could not read annotations list object in C:\Program Files (x86)\Google\Chrome\Application\87.0.4280.88\chrome.dll
[1210/182353.600:ERROR:process_memory_win.cc(73)] ReadMemory at 0x210e52f0000 of 64 bytes failed: Only part of a ReadProcessMemory or WriteProcessMemory request was completed. (0x12B)
[1210/182353.600:WARNING:pe_image_reader.cc(340)] could not read dos header from C:\windows\System32\WINTRUST.dll
[1210/182353.600:ERROR:process_memory_win.cc(73)] ReadMemory at 0x210e4d60000 of 64 bytes failed: Only part of a ReadProcessMemory or WriteProcessMemory request was completed. (0x12B)
[1210/182353.601:WARNING:pe_image_reader.cc(340)] could not read dos header from C:\windows\System32\bcrypt.dll
[1210/182353.601:ERROR:process_memory_win.cc(73)] ReadMemory at 0x56500000 of 64 bytes failed: Only part of a ReadProcessMemory or WriteProcessMemory request was completed. (0x12B)
[1210/182353.601:WARNING:pe_image_reader.cc(340)] could not read dos header from C:\windows\System32\SYSFER.DLL
[1210/182353.601:ERROR:process_memory_win.cc(73)] ReadMemory at 0x210e4aecc20 of 72 bytes failed: Only part of a ReadProcessMemory or WriteProcessMemory request was completed. (0x12B)
[1210/182353.601:WARNING:pe_image_annotations_reader.cc(135)] could not read annotations list object in C:\Program Files (x86)\Google\Chrome\Application\87.0.4280.88\chrome_elf.dll
[1210/182353.601:ERROR:process_memory_win.cc(73)] ReadMemory at 0x68000000 of 64 bytes failed: Only part of a ReadProcessMemory or WriteProcessMemory request was completed. (0x12B)
[1210/182353.601:WARNING:pe_image_reader.cc(340)] could not read dos header from C:\windows\System32\QIPCAP64.dll
[1210/182353.601:ERROR:process_memory_win.cc(73)] ReadMemory at 0x210e4a40000 of 64 bytes failed: Only part of a ReadProcessMemory or WriteProcessMemory request was completed. (0x12B)
[1210/182353.602:WARNING:pe_image_reader.cc(340)] could not read dos header from C:\windows\System32\NSI.dll
[1210/182353.602:ERROR:process_memory_win.cc(73)] ReadMemory at 0x210e4b437f0 of 72 bytes failed: Only part of a ReadProcessMemory or WriteProcessMemory request was completed. (0x12B)
[1210/182353.602:WARNING:pe_image_annotations_reader.cc(135)] could not read annotations list object in C:\Program Files (x86)\Google\Chrome\Application\87.0.4280.88\chrome.dll
[1210/182353.602:ERROR:process_memory_win.cc(73)] ReadMemory at 0x210e52f0000 of 64 bytes failed: Only part of a ReadProcessMemory or WriteProcessMemory request was completed. (0x12B)
[1210/182353.602:WARNING:pe_image_reader.cc(340)] could not read dos header from C:\windows\System32\WINTRUST.dll
[1210/182353.602:ERROR:process_memory_win.cc(73)] ReadMemory at 0x210e4d60000 of 64 bytes failed: Only part of a ReadProcessMemory or WriteProcessMemory request was completed. (0x12B)
[1210/182353.602:WARNING:pe_image_reader.cc(340)] could not read dos header from C:\windows\System32\bcrypt.dll
[1210/182353.655:ERROR:process_memory_win.cc(73)] ReadMemory at 0xfe073ef000 of 69632 bytes failed: Only part of a ReadProcessMemory or WriteProcessMemory request was completed. (0x12B)
[1210/182353.656:ERROR:process_memory_win.cc(73)] ReadMemory at 0xfe07bfe000 of 8192 bytes failed: Only part of a ReadProcessMemory or WriteProcessMemory request was completed. (0x12B)
[1210/182353.656:ERROR:process_memory_win.cc(73)] ReadMemory at 0xfe083fe000 of 8192 bytes failed: Only part of a ReadProcessMemory or WriteProcessMemory request was completed. (0x12B)
[1210/182353.656:ERROR:process_memory_win.cc(73)] ReadMemory at 0xfe08bfd000 of 12288 bytes failed: Only part of a ReadProcessMemory or WriteProcessMemory request was completed. (0x12B)
[1210/182353.656:ERROR:process_memory_win.cc(73)] ReadMemory at 0xfe093fc000 of 16384 bytes failed: Only part of a ReadProcessMemory or WriteProcessMemory request was completed. (0x12B)
[1210/182353.656:ERROR:process_memory_win.cc(73)] ReadMemory at 0xfe09bff000 of 4096 bytes failed: Only part of a ReadProcessMemory or WriteProcessMemory request was completed. (0x12B)
[1210/182353.656:ERROR:process_memory_win.cc(73)] ReadMemory at 0xfe0a3fe000 of 8192 bytes failed: Only part of a ReadProcessMemory or WriteProcessMemory request was completed. (0x12B)
[1210/182353.656:ERROR:process_memory_win.cc(73)] ReadMemory at 0xfe0abfe000 of 8192 bytes failed: Only part of a ReadProcessMemory or WriteProcessMemory request was completed. (0x12B)
[1210/182353.656:ERROR:process_memory_win.cc(73)] ReadMemory at 0xfe0b3fd000 of 12288 bytes failed: Only part of a ReadProcessMemory or WriteProcessMemory request was completed. (0x12B)
[1210/182353.656:ERROR:process_memory_win.cc(73)] ReadMemory at 0xfe0bbfd000 of 12288 bytes failed: Only part of a ReadProcessMemory or WriteProcessMemory request was completed. (0x12B)
[1210/182353.657:ERROR:process_memory_win.cc(73)] ReadMemory at 0xfe0c3fe000 of 8192 bytes failed: Only part of a ReadProcessMemory or WriteProcessMemory request was completed. (0x12B)
[1210/182353.657:ERROR:process_memory_win.cc(73)] ReadMemory at 0xfe0cbfe000 of 8192 bytes failed: Only part of a ReadProcessMemory or WriteProcessMemory request was completed. (0x12B)
[1210/182353.657:ERROR:process_memory_win.cc(73)] ReadMemory at 0xfe0d3fe000 of 8192 bytes failed: Only part of a ReadProcessMemory or WriteProcessMemory request was completed. (0x12B)
[1210/182353.657:ERROR:process_memory_win.cc(73)] ReadMemory at 0xfe0dbfe000 of 8192 bytes failed: Only part of a ReadProcessMemory or WriteProcessMemory request was completed. (0x12B)
[1210/182353.657:ERROR:process_memory_win.cc(73)] ReadMemory at 0xfe0e3fe000 of 8192 bytes failed: Only part of a ReadProcessMemory or WriteProcessMemory request was completed. (0x12B)
[1210/182353.657:ERROR:process_memory_win.cc(73)] ReadMemory at 0xfe0ebfe000 of 8192 bytes failed: Only part of a ReadProcessMemory or WriteProcessMemory request was completed. (0x12B)
[1210/182353.658:ERROR:process_memory_win.cc(73)] ReadMemory at 0xfe06a4f000 of 852 bytes failed: Only part of a ReadProcessMemory or WriteProcessMemory request was completed. (0x12B)
[1210/182353.658:ERROR:process_memory_win.cc(73)] ReadMemory at 0xfe06a50000 of 6024 bytes failed: Only part of a ReadProcessMemory or WriteProcessMemory request was completed. (0x12B)
[1210/182353.658:ERROR:process_memory_win.cc(73)] ReadMemory at 0xfe06a54000 of 6024 bytes failed: Only part of a ReadProcessMemory or WriteProcessMemory request was completed. (0x12B)
[1210/182353.658:ERROR:process_memory_win.cc(73)] ReadMemory at 0xfe06a56000 of 6024 bytes failed: Only part of a ReadProcessMemory or WriteProcessMemory request was completed. (0x12B)
[1210/182353.658:ERROR:process_memory_win.cc(73)] ReadMemory at 0xfe06a58000 of 6024 bytes failed: Only part of a ReadProcessMemory or WriteProcessMemory request was completed. (0x12B)
[1210/182353.658:ERROR:process_memory_win.cc(73)] ReadMemory at 0xfe06a5a000 of 6024 bytes failed: Only part of a ReadProcessMemory or WriteProcessMemory request was completed. (0x12B)
[1210/182353.659:ERROR:process_memory_win.cc(73)] ReadMemory at 0xfe06a5c000 of 6024 bytes failed: Only part of a ReadProcessMemory or WriteProcessMemory request was completed. (0x12B)
[1210/182353.659:ERROR:process_memory_win.cc(73)] ReadMemory at 0xfe06a5e000 of 6024 bytes failed: Only part of a ReadProcessMemory or WriteProcessMemory request was completed. (0x12B)
[1210/182353.659:ERROR:process_memory_win.cc(73)] ReadMemory at 0xfe06a60000 of 6024 bytes failed: Only part of a ReadProcessMemory or WriteProcessMemory request was completed. (0x12B)
[1210/182353.659:ERROR:process_memory_win.cc(73)] ReadMemory at 0xfe06a62000 of 6024 bytes failed: Only part of a ReadProcessMemory or WriteProcessMemory request was completed. (0x12B)
[1210/182353.659:ERROR:process_memory_win.cc(73)] ReadMemory at 0xfe06a64000 of 6024 bytes failed: Only part of a ReadProcessMemory or WriteProcessMemory request was completed. (0x12B)
[1210/182353.659:ERROR:process_memory_win.cc(73)] ReadMemory at 0xfe06a66000 of 6024 bytes failed: Only part of a ReadProcessMemory or WriteProcessMemory request was completed. (0x12B)
[1210/182353.660:ERROR:process_memory_win.cc(73)] ReadMemory at 0xfe06a68000 of 6024 bytes failed: Only part of a ReadProcessMemory or WriteProcessMemory request was completed. (0x12B)
[1210/182353.660:ERROR:process_memory_win.cc(73)] ReadMemory at 0xfe06a6a000 of 6024 bytes failed: Only part of a ReadProcessMemory or WriteProcessMemory request was completed. (0x12B)
[1210/182353.660:ERROR:process_memory_win.cc(73)] ReadMemory at 0xfe06a6c000 of 6024 bytes failed: Only part of a ReadProcessMemory or WriteProcessMemory request was completed. (0x12B)
[1210/182353.660:ERROR:process_memory_win.cc(73)] ReadMemory at 0xfe06a6e000 of 6024 bytes failed: Only part of a ReadProcessMemory or WriteProcessMemory request was completed. (0x12B)
[1210/182353.660:ERROR:process_memory_win.cc(73)] ReadMemory at 0xfe06a70000 of 6024 bytes failed: Only part of a ReadProcessMemory or WriteProcessMemory request was completed. (0x12B)
[1210/182353.660:ERROR:process_memory_win.cc(73)] ReadMemory at 0x210e49f0c40 of 896 bytes failed: Only part of a ReadProcessMemory or WriteProcessMemory request was completed. (0x12B)
[1210/182353.660:ERROR:process_memory_win.cc(73)] ReadMemory at 0x210e49f1180 of 512 bytes failed: Only part of a ReadProcessMemory or WriteProcessMemory request was completed. (0x12B)
[1210/182353.660:ERROR:process_memory_win.cc(73)] ReadMemory at 0x210e4ae0fe0 of 4922 bytes failed: Only part of a ReadProcessMemory or WriteProcessMemory request was completed. (0x12B)
[1210/182353.661:ERROR:process_memory_win.cc(73)] ReadMemory at 0x210e4ae2330 of 1012 bytes failed: Only part of a ReadProcessMemory or WriteProcessMemory request was completed. (0x12B)
[1210/182353.661:ERROR:process_memory_win.cc(73)] ReadMemory at 0x210e4ae2978 of 118 bytes failed: Only part of a ReadProcessMemory or WriteProcessMemory request was completed. (0x12B)
[1210/182353.661:ERROR:process_memory_win.cc(73)] ReadMemory at 0x210e4ae29f0 of 1240 bytes failed: Only part of a ReadProcessMemory or WriteProcessMemory request was completed. (0x12B)
[1210/182353.661:ERROR:process_memory_win.cc(73)] ReadMemory at 0x210e4ae2eca of 118 bytes failed: Only part of a ReadProcessMemory or WriteProcessMemory request was completed. (0x12B)
[1210/182353.661:ERROR:process_memory_win.cc(73)] ReadMemory at 0x210e4ae2f42 of 98 bytes failed: Only part of a ReadProcessMemory or WriteProcessMemory request was completed. (0x12B)
[1210/182353.661:ERROR:process_memory_win.cc(73)] ReadMemory at 0x210e4ae2fb0 of 58 bytes failed: Only part of a ReadProcessMemory or WriteProcessMemory request was completed. (0x12B)
[1210/182353.661:ERROR:process_memory_win.cc(73)] ReadMemory at 0x210e4ae30b0 of 132 bytes failed: Only part of a ReadProcessMemory or WriteProcessMemory request was completed. (0x12B)
[1210/182353.663:ERROR:process_memory_win.cc(73)] ReadMemory at 0x210e4ae3240 of 132 bytes failed: Only part of a ReadProcessMemory or WriteProcessMemory request was completed. (0x12B)
[1210/182353.663:ERROR:process_memory_win.cc(73)] ReadMemory at 0x210e4ae3400 of 124 bytes failed: Only part of a ReadProcessMemory or WriteProcessMemory request was completed. (0x12B)
[1210/182353.663:ERROR:process_memory_win.cc(73)] ReadMemory at 0x210e4ae3900 of 132 bytes failed: Only part of a ReadProcessMemory or WriteProcessMemory request was completed. (0x12B)
[1210/182353.663:ERROR:process_memory_win.cc(73)] ReadMemory at 0x210e4ae3a90 of 64 bytes failed: Only part of a ReadProcessMemory or WriteProcessMemory request was completed. (0x12B)
[1210/182353.664:ERROR:process_memory_win.cc(73)] ReadMemory at 0x210e4ae3bf0 of 132 bytes failed: Only part of a ReadProcessMemory or WriteProcessMemory request was completed. (0x12B)
[1210/182353.664:ERROR:process_memory_win.cc(73)] ReadMemory at 0x210e4ae3d80 of 60 bytes failed: Only part of a ReadProcessMemory or WriteProcessMemory request was completed. (0x12B)
[1210/182353.664:ERROR:process_memory_win.cc(73)] ReadMemory at 0x210e4ae3ef0 of 132 bytes failed: Only part of a ReadProcessMemory or WriteProcessMemory request was completed. (0x12B)
[1210/182353.664:ERROR:process_memory_win.cc(73)] ReadMemory at 0x210e4ae4080 of 68 bytes failed: Only part of a ReadProcessMemory or WriteProcessMemory request was completed. (0x12B)
[1210/182353.664:ERROR:process_memory_win.cc(73)] ReadMemory at 0x210e4ae5210 of 132 bytes failed: Only part of a ReadProcessMemory or WriteProcessMemory request was completed. (0x12B)
[1210/182353.664:ERROR:process_memory_win.cc(73)] ReadMemory at 0x210e4ae5380 of 132 bytes failed: Only part of a ReadProcessMemory or WriteProcessMemory request was completed. (0x12B)
[1210/182353.664:ERROR:process_memory_win.cc(73)] ReadMemory at 0x210e4ae5590 of 132 bytes failed: Only part of a ReadProcessMemory or WriteProcessMemory request was completed. (0x12B)
[1210/182353.664:ERROR:process_memory_win.cc(73)] ReadMemory at 0x210e4ae56c0 of 152 bytes failed: Only part of a ReadProcessMemory or WriteProcessMemory request was completed. (0x12B)
[1210/182353.664:ERROR:process_memory_win.cc(73)] ReadMemory at 0x210e4ae63f0 of 132 bytes failed: Only part of a ReadProcessMemory or WriteProcessMemory request was completed. (0x12B)
[1210/182353.665:ERROR:process_memory_win.cc(73)] ReadMemory at 0x210e4ae6580 of 60 bytes failed: Only part of a ReadProcessMemory or WriteProcessMemory request was completed. (0x12B)
[1210/182353.665:ERROR:process_memory_win.cc(73)] ReadMemory at 0x210e4ae6f70 of 62 bytes failed: Only part of a ReadProcessMemory or WriteProcessMemory request was completed. (0x12B)
[1210/182353.665:ERROR:process_memory_win.cc(73)] ReadMemory at 0x210e4aecbd0 of 62 bytes failed: Only part of a ReadProcessMemory or WriteProcessMemory request was completed. (0x12B)
[1210/182353.665:ERROR:process_memory_win.cc(73)] ReadMemory at 0x210e4aeccc0 of 58 bytes failed: Only part of a ReadProcessMemory or WriteProcessMemory request was completed. (0x12B)
[1210/182353.665:ERROR:process_memory_win.cc(73)] ReadMemory at 0x210e4aecd10 of 60 bytes failed: Only part of a ReadProcessMemory or WriteProcessMemory request was completed. (0x12B)
[1210/182353.665:ERROR:process_memory_win.cc(73)] ReadMemory at 0x210e4aece00 of 64 bytes failed: Only part of a ReadProcessMemory or WriteProcessMemory request was completed. (0x12B)
[1210/182353.665:ERROR:process_memory_win.cc(73)] ReadMemory at 0x210e4aece50 of 62 bytes failed: Only part of a ReadProcessMemory or WriteProcessMemory request was completed. (0x12B)
[1210/182353.665:ERROR:process_memory_win.cc(73)] ReadMemory at 0x210e4aecea0 of 64 bytes failed: Only part of a ReadProcessMemory or WriteProcessMemory request was completed. (0x12B)
[1210/182353.665:ERROR:process_memory_win.cc(73)] ReadMemory at 0x210e4aecef0 of 60 bytes failed: Only part of a ReadProcessMemory or WriteProcessMemory request was completed. (0x12B)
[1210/182353.665:ERROR:process_memory_win.cc(73)] ReadMemory at 0x210e4aecf40 of 62 bytes failed: Only part of a ReadProcessMemory or WriteProcessMemory request was completed. (0x12B)
[1210/182353.665:ERROR:process_memory_win.cc(73)] ReadMemory at 0x210e4aecf90 of 64 bytes failed: Only part of a ReadProcessMemory or WriteProcessMemory request was completed. (0x12B)
[1210/182353.666:ERROR:process_memory_win.cc(73)] ReadMemory at 0x210e4aed120 of 64 bytes failed: Only part of a ReadProcessMemory or WriteProcessMemory request was completed. (0x12B)
[1210/182353.666:ERROR:process_memory_win.cc(73)] ReadMemory at 0x210e4aed170 of 62 bytes failed: Only part of a ReadProcessMemory or WriteProcessMemory request was completed. (0x12B)
[1210/182353.666:ERROR:process_memory_win.cc(73)] ReadMemory at 0x210e4aed1c0 of 66 bytes failed: Only part of a ReadProcessMemory or WriteProcessMemory request was completed. (0x12B)
[1210/182353.666:ERROR:process_memory_win.cc(73)] ReadMemory at 0x210e4aed260 of 58 bytes failed: Only part of a ReadProcessMemory or WriteProcessMemory request was completed. (0x12B)
[1210/182353.666:ERROR:process_memory_win.cc(73)] ReadMemory at 0x210e4aed2b0 of 64 bytes failed: Only part of a ReadProcessMemory or WriteProcessMemory request was completed. (0x12B)
[1210/182353.666:ERROR:process_memory_win.cc(73)] ReadMemory at 0x210e4aed300 of 62 bytes failed: Only part of a ReadProcessMemory or WriteProcessMemory request was completed. (0x12B)
[1210/182353.666:ERROR:process_memory_win.cc(73)] ReadMemory at 0x210e4af18d8 of 706 bytes failed: Only part of a ReadProcessMemory or WriteProcessMemory request was completed. (0x12B)
[1210/182353.666:ERROR:process_memory_win.cc(73)] ReadMemory at 0x210e4af1fd0 of 132 bytes failed: Only part of a ReadProcessMemory or WriteProcessMemory request was completed. (0x12B)
[1210/182353.666:ERROR:process_memory_win.cc(73)] ReadMemory at 0x210e4af2670 of 80 bytes failed: Only part of a ReadProcessMemory or WriteProcessMemory request was completed. (0x12B)
[1210/182353.667:ERROR:process_memory_win.cc(73)] ReadMemory at 0x210e4af2730 of 78 bytes failed: Only part of a ReadProcessMemory or WriteProcessMemory request was completed. (0x12B)
[1210/182353.667:ERROR:process_memory_win.cc(73)] ReadMemory at 0x210e4af35b0 of 54 bytes failed: Only part of a ReadProcessMemory or WriteProcessMemory request was completed. (0x12B)
[1210/182353.667:ERROR:process_memory_win.cc(73)] ReadMemory at 0x210e4aff7b0 of 132 bytes failed: Only part of a ReadProcessMemory or WriteProcessMemory request was completed. (0x12B)
[1210/182353.667:ERROR:process_memory_win.cc(73)] ReadMemory at 0x210e4aff8e0 of 132 bytes failed: Only part of a ReadProcessMemory or WriteProcessMemory request was completed. (0x12B)
[1210/182353.667:ERROR:process_memory_win.cc(73)] ReadMemory at 0x210e4affa10 of 132 bytes failed: Only part of a ReadProcessMemory or WriteProcessMemory request was completed. (0x12B)
[1210/182353.667:ERROR:process_memory_win.cc(73)] ReadMemory at 0x210e4affb40 of 132 bytes failed: Only part of a ReadProcessMemory or WriteProcessMemory request was completed. (0x12B)
[1210/182353.667:ERROR:process_memory_win.cc(73)] ReadMemory at 0x210e4affc70 of 132 bytes failed: Only part of a ReadProcessMemory or WriteProcessMemory request was completed. (0x12B)
[1210/182353.667:ERROR:process_memory_win.cc(73)] ReadMemory at 0x210e4affda0 of 132 bytes failed: Only part of a ReadProcessMemory or WriteProcessMemory request was completed. (0x12B)
[1210/182353.667:ERROR:process_memory_win.cc(73)] ReadMemory at 0x210e4affed0 of 132 bytes failed: Only part of a ReadProcessMemory or WriteProcessMemory request was completed. (0x12B)
[1210/182353.667:ERROR:process_memory_win.cc(73)] ReadMemory at 0x210e4b00000 of 132 bytes failed: Only part of a ReadProcessMemory or WriteProcessMemory request was completed. (0x12B)
[1210/182353.668:ERROR:process_memory_win.cc(73)] ReadMemory at 0x210e4b00130 of 132 bytes failed: Only part of a ReadProcessMemory or WriteProcessMemory request was completed. (0x12B)
[1210/182353.668:ERROR:process_memory_win.cc(73)] ReadMemory at 0x210e4b00260 of 132 bytes failed: Only part of a ReadProcessMemory or WriteProcessMemory request was completed. (0x12B)
[1210/182353.668:ERROR:process_memory_win.cc(73)] ReadMemory at 0x210e4b00390 of 132 bytes failed: Only part of a ReadProcessMemory or WriteProcessMemory request was completed. (0x12B)
[1210/182353.668:ERROR:process_memory_win.cc(73)] ReadMemory at 0x210e4b004c0 of 132 bytes failed: Only part of a ReadProcessMemory or WriteProcessMemory request was completed. (0x12B)
[1210/182353.668:ERROR:process_memory_win.cc(73)] ReadMemory at 0x210e4b005f0 of 132 bytes failed: Only part of a ReadProcessMemory or WriteProcessMemory request was completed. (0x12B)
[1210/182353.668:ERROR:process_memory_win.cc(73)] ReadMemory at 0x210e4b01e80 of 76 bytes failed: Only part of a ReadProcessMemory or WriteProcessMemory request was completed. (0x12B)
[1210/182353.668:ERROR:process_memory_win.cc(73)] ReadMemory at 0x210e4b03a20 of 132 bytes failed: Only part of a ReadProcessMemory or WriteProcessMemory request was completed. (0x12B)
[1210/182353.668:ERROR:process_memory_win.cc(73)] ReadMemory at 0x210e4b05550 of 132 bytes failed: Only part of a ReadProcessMemory or WriteProcessMemory request was completed. (0x12B)
[1210/182353.668:ERROR:process_memory_win.cc(73)] ReadMemory at 0x210e4b05760 of 132 bytes failed: Only part of a ReadProcessMemory or WriteProcessMemory request was completed. (0x12B)
[1210/182353.668:ERROR:process_memory_win.cc(73)] ReadMemory at 0x210e4b05c70 of 132 bytes failed: Only part of a ReadProcessMemory or WriteProcessMemory request was completed. (0x12B)
[1210/182353.669:ERROR:process_memory_win.cc(73)] ReadMemory at 0x210e4b05f80 of 132 bytes failed: Only part of a ReadProcessMemory or WriteProcessMemory request was completed. (0x12B)
[1210/182353.669:ERROR:process_memory_win.cc(73)] ReadMemory at 0x210e4b062b0 of 132 bytes failed: Only part of a ReadProcessMemory or WriteProcessMemory request was completed. (0x12B)
[1210/182353.669:ERROR:process_memory_win.cc(73)] ReadMemory at 0x210e4b06640 of 132 bytes failed: Only part of a ReadProcessMemory or WriteProcessMemory request was completed. (0x12B)
[1210/182353.669:ERROR:process_memory_win.cc(73)] ReadMemory at 0x210e4b094f0 of 60 bytes failed: Only part of a ReadProcessMemory or WriteProcessMemory request was completed. (0x12B)
[1210/182353.669:ERROR:process_memory_win.cc(73)] ReadMemory at 0x210e4b09950 of 66 bytes failed: Only part of a ReadProcessMemory or WriteProcessMemory request was completed. (0x12B)
[1210/182353.669:ERROR:process_memory_win.cc(73)] ReadMemory at 0x210e4b099f0 of 60 bytes failed: Only part of a ReadProcessMemory or WriteProcessMemory request was completed. (0x12B)
[1210/182353.669:ERROR:process_memory_win.cc(73)] ReadMemory at 0x210e4b09cc0 of 62 bytes failed: Only part of a ReadProcessMemory or WriteProcessMemory request was completed. (0x12B)
[1210/182353.670:ERROR:process_memory_win.cc(73)] ReadMemory at 0x210e4b0a120 of 58 bytes failed: Only part of a ReadProcessMemory or WriteProcessMemory request was completed. (0x12B)
[1210/182353.670:ERROR:process_memory_win.cc(73)] ReadMemory at 0x210e4b0a170 of 60 bytes failed: Only part of a ReadProcessMemory or WriteProcessMemory request was completed. (0x12B)
[1210/182353.670:ERROR:process_memory_win.cc(73)] ReadMemory at 0x210e4b0a1c0 of 60 bytes failed: Only part of a ReadProcessMemory or WriteProcessMemory request was completed. (0x12B)
[1210/182353.670:ERROR:process_memory_win.cc(73)] ReadMemory at 0x210e4b0aa90 of 132 bytes failed: Only part of a ReadProcessMemory or WriteProcessMemory request was completed. (0x12B)
[1210/182353.670:ERROR:process_memory_win.cc(73)] ReadMemory at 0x210e4b0abc0 of 132 bytes failed: Only part of a ReadProcessMemory or WriteProcessMemory request was completed. (0x12B)
[1210/182353.670:ERROR:process_memory_win.cc(73)] ReadMemory at 0x210e4b0b080 of 132 bytes failed: Only part of a ReadProcessMemory or WriteProcessMemory request was completed. (0x12B)
[1210/182353.670:ERROR:process_memory_win.cc(73)] ReadMemory at 0x210e4b0b1b0 of 132 bytes failed: Only part of a ReadProcessMemory or WriteProcessMemory request was completed. (0x12B)
[1210/182353.671:ERROR:process_memory_win.cc(73)] ReadMemory at 0x210e4b0b410 of 132 bytes failed: Only part of a ReadProcessMemory or WriteProcessMemory request was completed. (0x12B)
[1210/182353.671:ERROR:process_memory_win.cc(73)] ReadMemory at 0x210e4b0b540 of 132 bytes failed: Only part of a ReadProcessMemory or WriteProcessMemory request was completed. (0x12B)
[1210/182353.671:ERROR:process_memory_win.cc(73)] ReadMemory at 0x210e4b0b670 of 132 bytes failed: Only part of a ReadProcessMemory or WriteProcessMemory request was completed. (0x12B)
[1210/182353.671:ERROR:process_memory_win.cc(73)] ReadMemory at 0x210e4b0b7a0 of 132 bytes failed: Only part of a ReadProcessMemory or WriteProcessMemory request was completed. (0x12B)
[1210/182353.671:ERROR:process_memory_win.cc(73)] ReadMemory at 0x210e4b0b8d0 of 132 bytes failed: Only part of a ReadProcessMemory or WriteProcessMemory request was completed. (0x12B)
[1210/182353.671:ERROR:process_memory_win.cc(73)] ReadMemory at 0x210e4b0ba00 of 132 bytes failed: Only part of a ReadProcessMemory or WriteProcessMemory request was completed. (0x12B)
[1210/182353.671:ERROR:process_memory_win.cc(73)] ReadMemory at 0x210e4b0bb30 of 132 bytes failed: Only part of a ReadProcessMemory or WriteProcessMemory request was completed. (0x12B)
[1210/182353.671:ERROR:process_memory_win.cc(73)] ReadMemory at 0x210e4b0bc60 of 132 bytes failed: Only part of a ReadProcessMemory or WriteProcessMemory request was completed. (0x12B)
[1210/182353.672:ERROR:process_memory_win.cc(73)] ReadMemory at 0x210e4b0bd90 of 132 bytes failed: Only part of a ReadProcessMemory or WriteProcessMemory request was completed. (0x12B)
[1210/182353.672:ERROR:process_memory_win.cc(73)] ReadMemory at 0x210e4b0bec0 of 132 bytes failed: Only part of a ReadProcessMemory or WriteProcessMemory request was completed. (0x12B)
[1210/182353.672:ERROR:process_memory_win.cc(73)] ReadMemory at 0x210e4b0bff0 of 132 bytes failed: Only part of a ReadProcessMemory or WriteProcessMemory request was completed. (0x12B)
[1210/182353.672:ERROR:process_memory_win.cc(73)] ReadMemory at 0x210e4b0c120 of 132 bytes failed: Only part of a ReadProcessMemory or WriteProcessMemory request was completed. (0x12B)
[1210/182353.672:ERROR:process_memory_win.cc(73)] ReadMemory at 0x210e4b0c250 of 132 bytes failed: Only part of a ReadProcessMemory or WriteProcessMemory request was completed. (0x12B)
[1210/182353.672:ERROR:process_memory_win.cc(73)] ReadMemory at 0x210e4b0c380 of 132 bytes failed: Only part of a ReadProcessMemory or WriteProcessMemory request was completed. (0x12B)
[1210/182353.673:ERROR:process_memory_win.cc(73)] ReadMemory at 0x210e4b0c4b0 of 132 bytes failed: Only part of a ReadProcessMemory or WriteProcessMemory request was completed. (0x12B)
[1210/182353.673:ERROR:process_memory_win.cc(73)] ReadMemory at 0x210e4b0c5e0 of 132 bytes failed: Only part of a ReadProcessMemory or WriteProcessMemory request was completed. (0x12B)
[1210/182353.673:ERROR:process_memory_win.cc(73)] ReadMemory at 0x210e4b0c710 of 132 bytes failed: Only part of a ReadProcessMemory or WriteProcessMemory request was completed. (0x12B)
[1210/182353.673:ERROR:process_memory_win.cc(73)] ReadMemory at 0x210e4b0c840 of 132 bytes failed: Only part of a ReadProcessMemory or WriteProcessMemory request was completed. (0x12B)
[1210/182353.673:ERROR:process_memory_win.cc(73)] ReadMemory at 0x210e4b117a0 of 144 bytes failed: Only part of a ReadProcessMemory or WriteProcessMemory request was completed. (0x12B)
[1210/182353.673:ERROR:process_memory_win.cc(73)] ReadMemory at 0x210e4b19130 of 60 bytes failed: Only part of a ReadProcessMemory or WriteProcessMemory request was completed. (0x12B)
[1210/182353.673:ERROR:process_memory_win.cc(73)] ReadMemory at 0x210e4b19360 of 62 bytes failed: Only part of a ReadProcessMemory or WriteProcessMemory request was completed. (0x12B)
[1210/182353.673:ERROR:process_memory_win.cc(73)] ReadMemory at 0x210e4b19590 of 60 bytes failed: Only part of a ReadProcessMemory or WriteProcessMemory request was completed. (0x12B)
[1210/182353.674:ERROR:process_memory_win.cc(73)] ReadMemory at 0x210e4b19630 of 64 bytes failed: Only part of a ReadProcessMemory or WriteProcessMemory request was completed. (0x12B)
[1210/182353.674:ERROR:process_memory_win.cc(73)] ReadMemory at 0x210e4b19680 of 64 bytes failed: Only part of a ReadProcessMemory or WriteProcessMemory request was completed. (0x12B)
[1210/182353.674:ERROR:process_memory_win.cc(73)] ReadMemory at 0x210e4b196d0 of 66 bytes failed: Only part of a ReadProcessMemory or WriteProcessMemory request was completed. (0x12B)
[1210/182353.675:ERROR:process_memory_win.cc(73)] ReadMemory at 0x210e4b19770 of 62 bytes failed: Only part of a ReadProcessMemory or WriteProcessMemory request was completed. (0x12B)
[1210/182353.675:ERROR:process_memory_win.cc(73)] ReadMemory at 0x210e4b19860 of 64 bytes failed: Only part of a ReadProcessMemory or WriteProcessMemory request was completed. (0x12B)
[1210/182353.675:ERROR:process_memory_win.cc(73)] ReadMemory at 0x210e4b19900 of 62 bytes failed: Only part of a ReadProcessMemory or WriteProcessMemory request was completed. (0x12B)
[1210/182353.675:ERROR:process_memory_win.cc(73)] ReadMemory at 0x210e4b199a0 of 64 bytes failed: Only part of a ReadProcessMemory or WriteProcessMemory request was completed. (0x12B)
[1210/182353.675:ERROR:process_memory_win.cc(73)] ReadMemory at 0x210e4b199f0 of 62 bytes failed: Only part of a ReadProcessMemory or WriteProcessMemory request was completed. (0x12B)
[1210/182353.676:ERROR:process_memory_win.cc(73)] ReadMemory at 0x210e4b19a90 of 62 bytes failed: Only part of a ReadProcessMemory or WriteProcessMemory request was completed. (0x12B)
[1210/182353.676:ERROR:process_memory_win.cc(73)] ReadMemory at 0x210e4b19c70 of 58 bytes failed: Only part of a ReadProcessMemory or WriteProcessMemory request was completed. (0x12B)
[1210/182353.676:ERROR:process_memory_win.cc(73)] ReadMemory at 0x210e4b19cc0 of 60 bytes failed: Only part of a ReadProcessMemory or WriteProcessMemory request was completed. (0x12B)
[1210/182353.676:ERROR:process_memory_win.cc(73)] ReadMemory at 0x210e4b19db0 of 64 bytes failed: Only part of a ReadProcessMemory or WriteProcessMemory request was completed. (0x12B)
[1210/182353.676:ERROR:process_memory_win.cc(73)] ReadMemory at 0x210e4b19e50 of 62 bytes failed: Only part of a ReadProcessMemory or WriteProcessMemory request was completed. (0x12B)
[1210/182353.676:ERROR:process_memory_win.cc(73)] ReadMemory at 0x210e4b1a030 of 62 bytes failed: Only part of a ReadProcessMemory or WriteProcessMemory request was completed. (0x12B)
[1210/182353.676:ERROR:process_memory_win.cc(73)] ReadMemory at 0x210e4b20ea0 of 512 bytes failed: Only part of a ReadProcessMemory or WriteProcessMemory request was completed. (0x12B)
[1210/182353.676:ERROR:process_memory_win.cc(73)] ReadMemory at 0x210e4b26730 of 80 bytes failed: Only part of a ReadProcessMemory or WriteProcessMemory request was completed. (0x12B)
[1210/182353.677:ERROR:process_memory_win.cc(73)] ReadMemory at 0x210e4b2a390 of 132 bytes failed: Only part of a ReadProcessMemory or WriteProcessMemory request was completed. (0x12B)
[1210/182353.677:ERROR:process_memory_win.cc(73)] ReadMemory at 0x210e4b71ee0 of 512 bytes failed: Only part of a ReadProcessMemory or WriteProcessMemory request was completed. (0x12B)
[1210/182353.677:ERROR:process_memory_win.cc(73)] ReadMemory at 0x210e4b762d0 of 512 bytes failed: Only part of a ReadProcessMemory or WriteProcessMemory request was completed. (0x12B)
[1210/182353.677:ERROR:process_memory_win.cc(73)] ReadMemory at 0x210e4b76650 of 512 bytes failed: Only part of a ReadProcessMemory or WriteProcessMemory request was completed. (0x12B)
[1210/182353.677:ERROR:process_memory_win.cc(73)] ReadMemory at 0x210e4b77350 of 512 bytes failed: Only part of a ReadProcessMemory or WriteProcessMemory request was completed. (0x12B)
[1210/182353.677:ERROR:process_memory_win.cc(73)] ReadMemory at 0x210e4b820f0 of 512 bytes failed: Only part of a ReadProcessMemory or WriteProcessMemory request was completed. (0x12B)
[1210/182353.677:ERROR:process_memory_win.cc(73)] ReadMemory at 0x210e4b8bd00 of 712 bytes failed: Only part of a ReadProcessMemory or WriteProcessMemory request was completed. (0x12B)
[1210/182353.677:ERROR:process_memory_win.cc(73)] ReadMemory at 0x210e4ba4ce0 of 512 bytes failed: Only part of a ReadProcessMemory or WriteProcessMemory request was completed. (0x12B)
[1210/182353.677:ERROR:process_memory_win.cc(73)] ReadMemory at 0x210e4ba4f50 of 512 bytes failed: Only part of a ReadProcessMemory or WriteProcessMemory request was completed. (0x12B)
[1210/182353.677:ERROR:process_memory_win.cc(73)] ReadMemory at 0x210e4ba7fa8 of 512 bytes failed: Only part of a ReadProcessMemory or WriteProcessMemory request was completed. (0x12B)
[1210/182353.678:ERROR:process_memory_win.cc(73)] ReadMemory at 0x210e4ba86f8 of 512 bytes failed: Only part of a ReadProcessMemory or WriteProcessMemory request was completed. (0x12B)
[1210/182353.678:ERROR:process_memory_win.cc(73)] ReadMemory at 0x210e4ba8d28 of 512 bytes failed: Only part of a ReadProcessMemory or WriteProcessMemory request was completed. (0x12B)
[1210/182353.678:ERROR:process_memory_win.cc(73)] ReadMemory at 0x210e4ba8f68 of 512 bytes failed: Only part of a ReadProcessMemory or WriteProcessMemory request was completed. (0x12B)
[1210/182353.678:ERROR:process_memory_win.cc(73)] ReadMemory at 0x210e4ba9a18 of 512 bytes failed: Only part of a ReadProcessMemory or WriteProcessMemory request was completed. (0x12B)
[1210/182353.678:ERROR:process_memory_win.cc(73)] ReadMemory at 0x210e4bba280 of 512 bytes failed: Only part of a ReadProcessMemory or WriteProcessMemory request was completed. (0x12B)
[1210/182353.678:ERROR:process_memory_win.cc(73)] ReadMemory at 0x210e4bbab00 of 512 bytes failed: Only part of a ReadProcessMemory or WriteProcessMemory request was completed. (0x12B)
[1210/182353.678:ERROR:process_memory_win.cc(73)] ReadMemory at 0x210e68e0000 of 384 bytes failed: Only part of a ReadProcessMemory or WriteProcessMemory request was completed. (0x12B)
[1210/182353.679:ERROR:process_memory_win.cc(73)] ReadMemory at 0x210e68e09d0 of 512 bytes failed: Only part of a ReadProcessMemory or WriteProcessMemory request was completed. (0x12B)
[1210/182353.679:ERROR:process_memory_win.cc(73)] ReadMemory at 0x210e6908120 of 512 bytes failed: Only part of a ReadProcessMemory or WriteProcessMemory request was completed. (0x12B)
[1210/182353.679:ERROR:process_memory_win.cc(73)] ReadMemory at 0x210e69b5c72 of 1124 bytes failed: Only part of a ReadProcessMemory or WriteProcessMemory request was completed. (0x12B)
[1210/182353.679:ERROR:process_memory_win.cc(73)] ReadMemory at 0x210e6a87080 of 512 bytes failed: Only part of a ReadProcessMemory or WriteProcessMemory request was completed. (0x12B)
[1210/182353.679:ERROR:process_memory_win.cc(73)] ReadMemory at 0x210e6b01310 of 512 bytes failed: Only part of a ReadProcessMemory or WriteProcessMemory request was completed. (0x12B)
[1210/182353.683:ERROR:process_memory_win.cc(73)] ReadMemory at 0x8df9869fb88 of 512 bytes failed: Only part of a ReadProcessMemory or WriteProcessMemory request was completed. (0x12B)
[1210/182353.683:ERROR:process_memory_win.cc(73)] ReadMemory at 0x7ff99af1c460 of 512 bytes failed: Only part of a ReadProcessMemory or WriteProcessMemory request was completed. (0x12B)
[1210/182353.683:ERROR:process_memory_win.cc(73)] ReadMemory at 0x7ff99c08fa45 of 512 bytes failed: Only part of a ReadProcessMemory or WriteProcessMemory request was completed. (0x12B)
[1210/182353.684:ERROR:process_memory_win.cc(73)] ReadMemory at 0x7ff9a03633b0 of 512 bytes failed: Only part of a ReadProcessMemory or WriteProcessMemory request was completed. (0x12B)
[1210/182353.684:ERROR:process_memory_win.cc(73)] ReadMemory at 0x7ff9a0d53438 of 512 bytes failed: Only part of a ReadProcessMemory or WriteProcessMemory request was completed. (0x12B)
[1210/182353.684:ERROR:process_memory_win.cc(73)] ReadMemory at 0x7ffa035dd700 of 512 bytes failed: Only part of a ReadProcessMemory or WriteProcessMemory request was completed. (0x12B)
[1210/182353.684:ERROR:process_memory_win.cc(73)] ReadMemory at 0x7ffa04461fd0 of 512 bytes failed: Only part of a ReadProcessMemory or WriteProcessMemory request was completed. (0x12B)
[1210/182353.684:ERROR:process_memory_win.cc(73)] ReadMemory at 0x7ffa059dc0c4 of 672 bytes failed: Only part of a ReadProcessMemory or WriteProcessMemory request was completed. (0x12B)
[1210/182353.684:ERROR:process_memory_win.cc(73)] ReadMemory at 0x7ffa059dc6c4 of 512 bytes failed: Only part of a ReadProcessMemory or WriteProcessMemory request was completed. (0x12B)
[1210/182353.684:ERROR:process_memory_win.cc(73)] ReadMemory at 0x7ffa059df974 of 608 bytes failed: Only part of a ReadProcessMemory or WriteProcessMemory request was completed. (0x12B)
[1210/182353.684:ERROR:process_memory_win.cc(73)] ReadMemory at 0x7ffa05a6c428 of 18 bytes failed: Only part of a ReadProcessMemory or WriteProcessMemory request was completed. (0x12B)
[1210/182353.684:ERROR:process_memory_win.cc(73)] ReadMemory at 0x7ffa05a9f4f8 of 40 bytes failed: Only part of a ReadProcessMemory or WriteProcessMemory request was completed. (0x12B)
[1210/182353.685:ERROR:process_memory_win.cc(73)] ReadMemory at 0x7ffa05a9f978 of 48 bytes failed: Only part of a ReadProcessMemory or WriteProcessMemory request was completed. (0x12B)
[1210/182353.685:ERROR:process_memory_win.cc(73)] ReadMemory at 0x7ffa05aa53c0 of 64 bytes failed: Only part of a ReadProcessMemory or WriteProcessMemory request was completed. (0x12B)
[1210/182353.694:ERROR:filesystem_win.cc(129)] GetFileAttributes C:\Users\ADD94D~1.GOS\AppData\Local\Temp\scoped_dir34844_478054492\Crashpad\attachments\34e6cead-1702-461e-8d49-4687faf1eb6e: The system cannot find the path specified. (0x3)
[1210/182353.688:ERROR:scoped_process_suspend.cc(40)] NtResumeProcess: An attempt was made to access an exiting process. (0xc000010a)
[1210/185646.931:ERROR:directory_reader_win.cc(43)] FindFirstFile: The system cannot find the path specified. (0x3)
[1211/114937.362:ERROR:directory_reader_win.cc(43)] FindFirstFile: The system cannot find the path specified. (0x3)
[1211/150531.080:ERROR:directory_reader_win.cc(43)] FindFirstFile: The system cannot find the path specified. (0x3)
[1211/153147.406:ERROR:directory_reader_win.cc(43)] FindFirstFile: The system cannot find the path specified. (0x3)
[1211/160151.541:ERROR:crash_report_database_win.cc(585)] GetFileAttributes C:\Users\ADD94D~1.GOS\AppData\Local\Temp\scoped_dir27292_1691037995\Crashpad: The system cannot find the file specified. (0x2)
